=========================== 
  Commit Run - 26/08/2025  3:33:29,21 
=========================== 
 
--- Processing dom6027 --- 
 M index2.html
?? 20250826.html
[main 6b27bc7] Auto-commit from commit.bat in dom6027
 2 files changed, 71 insertions(+)
 create mode 100644 20250826.html
To https://github.com/saphahcentral/dom6027.git
   49c2df6..6b27bc7  main -> main
Pushed changes for dom6027 
 
--- Processing dows6027 --- 
No changes in dows6027 
 
--- Updating hub repo --- 
[main 933fced] Update hub repo (submodules and root files)
 2 files changed, 10 insertions(+), 3 deletions(-)
To https://github.com/saphahcentral/saphahcentral.git
   85ec1e6..933fced  main -> main
Hub repo updated 
 
=========================== 
  Commit process completed  
=========================== 
